<?xml version="1.0" encoding="UTF-8"?>
<!-- Generated by org.testng.reporters.JUnitXMLReporter -->
<testsuite hostname="DESKTOP-LLLGMOJ" ignored="1" name="Test" tests="25" failures="2" timestamp="2022-01-12T20:06:00 IST" time="77.318" errors="0">
  <testcase name="testGoogleLandingPage" time="0.092" classname="testngPrograms.GoogleApplicationWithBeforeAfterTest"/>
  <testcase name="testSearch" time="2.368" classname="testngPrograms.GoogleApplicationWithBeforeAfterTest"/>
  <testcase name="testCase1" time="0.001" classname="testngPrograms.SampleTesting"/>
  <testcase name="loginWithValidUser" time="0.002" classname="testngPrograms.LoginTestCaseWithPriority"/>
  <testcase name="loginWithInValidUser" time="0.001" classname="testngPrograms.LoginTestCaseWithPriority"/>
  <testcase name="loginWithEmpty" time="0.001" classname="testngPrograms.LoginTestCaseWithPriority"/>
  <testcase name="loginWithInValidUser" time="1.031" classname="testngPrograms.LoginTestCaseWithTimeOut"/>
  <testcase name="loginWithValidUser" time="2.014" classname="testngPrograms.LoginTestCaseWithTimeOut">
    <failure type="org.testng.internal.thread.ThreadTimeoutException" message="Method testngPrograms.LoginTestCaseWithTimeOut.loginWithValidUser() didn&amp;apos;t finish within the time-out 2000">
      <![CDATA[org.testng.internal.thread.ThreadTimeoutException: Method testngPrograms.LoginTestCaseWithTimeOut.loginWithValidUser() didn't finish within the time-out 2000
at java.util.ArrayList.forEach(ArrayList.java:1259)
... Removed 24 stack frames]]>
    </failure>
  </testcase> <!-- loginWithValidUser -->
  <testcase name="loginWithValidUser" time="0.001" classname="testngPrograms.LoginTestCaseWithDependsOnMethod">
    <failure type="java.lang.ArithmeticException" message="/ by zero">
      <![CDATA[java.lang.ArithmeticException: / by zero
at testngPrograms.LoginTestCaseWithDependsOnMethod.loginWithValidUser(LoginTestCaseWithDependsOnMethod.java:8)
at java.util.ArrayList.forEach(ArrayList.java:1259)
... Removed 27 stack frames]]>
    </failure>
  </testcase> <!-- loginWithValidUser -->
  <testcase name="createTask" time="0.0" classname="testngPrograms.LoginTestCaseWithDependsOnMethod">
    <skipped/>
  </testcase> <!-- createTask -->
  <testcase name="testGoogleLandingPage" time="0.067" classname="testngPrograms.GoogleApplicationWithBeforeAfterTestMethod"/>
  <testcase name="testSearch" time="3.723" classname="testngPrograms.GoogleApplicationWithBeforeAfterTestMethod"/>
  <testcase name="loginWithValidUser" time="0.001" classname="testngPrograms.LoginTestCaseWithEnable"/>
  <testcase name="openBroserAndLogin" time="11.801" classname="testngPrograms.ActiTimeLoginWithAssertCondition"/>
  <testcase name="logoutAndClose" time="6.705" classname="testngPrograms.ActiTimeLoginWithAssertCondition"/>
  <testcase name="loginWithEmpty" time="0.003" classname="testngPrograms.LoginTestCaseWithDescription"/>
  <testcase name="loginWithInValidUser" time="0.001" classname="testngPrograms.LoginTestCaseWithDescription"/>
  <testcase name="loginWithValidUser" time="0.003" classname="testngPrograms.LoginTestCaseWithDescription"/>
  <testcase name="loginWithEmpty" time="0.001" classname="testngPrograms.LoginTestCase"/>
  <testcase name="loginWithInValidUser" time="0.001" classname="testngPrograms.LoginTestCase"/>
  <testcase name="loginWithValidUser" time="0.001" classname="testngPrograms.LoginTestCase"/>
  <testcase name="openBroserAndLogin" time="9.377" classname="testngPrograms.ActiTimeLogin"/>
  <testcase name="logoutAndClose" time="6.141" classname="testngPrograms.ActiTimeLogin"/>
  <testcase name="testGoogleLandingPage" time="0.019" classname="testngPrograms.GoogleApplicationWithBeforeAfterMethod"/>
  <testcase name="testSearch" time="5.449" classname="testngPrograms.GoogleApplicationWithBeforeAfterMethod"/>
  <testcase name="createTask" time="0.0" classname="testngPrograms.LoginTestCaseWithEnable">
    <ignored/>
  </testcase> <!-- createTask -->
</testsuite> <!-- Test -->
