<?xml version="1.0" encoding="UTF-8"?>
<testng-results skipped="0" failed="0" ignored="0" total="2" passed="2">
  <reporter-output>
  </reporter-output>
  <suite name="Default suite" duration-ms="97268" started-at="2022-01-22T19:43:27 IST" finished-at="2022-01-22T19:45:04 IST">
    <groups>
    </groups>
    <test name="Default test" duration-ms="97268" started-at="2022-01-22T19:43:27 IST" finished-at="2022-01-22T19:45:04 IST">
      <class name="sampletest.testActitimeTaskWithFunction">
        <test-method status="PASS" signature="testcreateTaskAndVerify()[pri:0, instance:sampletest.testActitimeTaskWithFunction@59906517]" name="testcreateTaskAndVerify" duration-ms="91328" started-at="2022-01-22T19:43:27 IST" finished-at="2022-01-22T19:44:58 IST">
          <reporter-output>
          </reporter-output>
        </test-method> <!-- testcreateTaskAndVerify -->
        <test-method status="PASS" signature="testdeleteTaskAndVerify()[pri:0, instance:sampletest.testActitimeTaskWithFunction@59906517]" name="testdeleteTaskAndVerify" duration-ms="5897" started-at="2022-01-22T19:44:58 IST" finished-at="2022-01-22T19:45:04 IST">
          <reporter-output>
          </reporter-output>
        </test-method> <!-- testdeleteTaskAndVerify -->
      </class> <!-- sampletest.testActitimeTaskWithFunction -->
    </test> <!-- Default test -->
  </suite> <!-- Default suite -->
</testng-results>
