<?xml version="1.0" encoding="UTF-8"?>
<!-- Generated by org.testng.reporters.JUnitXMLReporter -->
<testsuite hostname="DESKTOP-LLLGMOJ" ignored="0" name="Default test" tests="2" failures="0" timestamp="2022-01-22T19:45:04 IST" time="97.268" errors="0">
  <testcase name="testcreateTaskAndVerify" time="91.328" classname="sampletest.testActitimeTaskWithFunction"/>
  <testcase name="testdeleteTaskAndVerify" time="5.897" classname="sampletest.testActitimeTaskWithFunction"/>
</testsuite> <!-- Default test -->
