<?xml version="1.0" encoding="UTF-8"?>
<testng-results skipped="0" failed="1" total="6" passed="5">
  <reporter-output>
  </reporter-output>
  <suite name="Suite" duration-ms="62617" started-at="2022-01-22T14:26:12Z" finished-at="2022-01-22T14:27:15Z">
    <groups>
    </groups>
    <test name="Test" duration-ms="62617" started-at="2022-01-22T14:26:12Z" finished-at="2022-01-22T14:27:15Z">
      <class name="sampletest.TestCode">
        <test-method status="PASS" signature="testCase()[pri:0, instance:sampletest.TestCode@10db82ae]" name="testCase" duration-ms="5361" started-at="2022-01-22T19:56:12Z" finished-at="2022-01-22T19:56:17Z">
          <reporter-output>
          </reporter-output>
        </test-method> <!-- testCase -->
      </class> <!-- sampletest.TestCode -->
      <class name="sampletest.GoogleSearch">
        <test-method status="FAIL" signature="getAllSuggestions()[pri:0, instance:sampletest.GoogleSearch@27c86f2d]" name="getAllSuggestions" duration-ms="4187" started-at="2022-01-22T19:56:48Z" finished-at="2022-01-22T19:56:52Z">
          <exception class="org.openqa.selenium.StaleElementReferenceException">
            <message>
              <![CDATA[stale element reference: element is not attached to the page document
  (Session info: chrome=97.0.4692.71)
For documentation on this error, please visit: http://seleniumhq.org/exceptions/stale_element_reference.html
Build info: version: '3.14.0', revision: 'aacccce0', time: '2018-08-02T20:19:58.91Z'
System info: host: 'DESKTOP-LLLGMOJ', ip: '192.168.1.102', os.name: 'Windows 10', os.arch: 'amd64', os.version: '10.0', java.version: '1.8.0_301'
Driver info: org.openqa.selenium.chrome.ChromeDriver
Capabilities {acceptInsecureCerts: false, browserName: chrome, browserVersion: 97.0.4692.71, chrome: {chromedriverVersion: 97.0.4692.71 (adefa7837d02a..., userDataDir: C:\Users\Asus\AppData\Local...}, goog:chromeOptions: {debuggerAddress: localhost:65193}, javascriptEnabled: true, networkConnectionEnabled: false, pageLoadStrategy: normal, platform: WINDOWS, platformName: WINDOWS, proxy: Proxy(), setWindowRect: true, strictFileInteractability: false, timeouts: {implicit: 0, pageLoad: 300000, script: 30000}, unhandledPromptBehavior: dismiss and notify, webauthn:extension:credBlob: true, webauthn:extension:largeBlob: true, webauthn:virtualAuthenticators: true}
Session ID: 2ee4afeb9b8e6a4b4ab72fa8a6d72b8e]]>
            </message>
            <full-stacktrace>
              <![CDATA[org.openqa.selenium.StaleElementReferenceException: stale element reference: element is not attached to the page document
  (Session info: chrome=97.0.4692.71)
For documentation on this error, please visit: http://seleniumhq.org/exceptions/stale_element_reference.html
Build info: version: '3.14.0', revision: 'aacccce0', time: '2018-08-02T20:19:58.91Z'
System info: host: 'DESKTOP-LLLGMOJ', ip: '192.168.1.102', os.name: 'Windows 10', os.arch: 'amd64', os.version: '10.0', java.version: '1.8.0_301'
Driver info: org.openqa.selenium.chrome.ChromeDriver
Capabilities {acceptInsecureCerts: false, browserName: chrome, browserVersion: 97.0.4692.71, chrome: {chromedriverVersion: 97.0.4692.71 (adefa7837d02a..., userDataDir: C:\Users\Asus\AppData\Local...}, goog:chromeOptions: {debuggerAddress: localhost:65193}, javascriptEnabled: true, networkConnectionEnabled: false, pageLoadStrategy: normal, platform: WINDOWS, platformName: WINDOWS, proxy: Proxy(), setWindowRect: true, strictFileInteractability: false, timeouts: {implicit: 0, pageLoad: 300000, script: 30000}, unhandledPromptBehavior: dismiss and notify, webauthn:extension:credBlob: true, webauthn:extension:largeBlob: true, webauthn:virtualAuthenticators: true}
Session ID: 2ee4afeb9b8e6a4b4ab72fa8a6d72b8e
	at sun.reflect.NativeConstructorAccessorImpl.newInstance0(Native Method)
	at sun.reflect.NativeConstructorAccessorImpl.newInstance(NativeConstructorAccessorImpl.java:62)
	at sun.reflect.DelegatingConstructorAccessorImpl.newInstance(DelegatingConstructorAccessorImpl.java:45)
	at java.lang.reflect.Constructor.newInstance(Constructor.java:423)
	at org.openqa.selenium.remote.http.W3CHttpResponseCodec.createException(W3CHttpResponseCodec.java:187)
	at org.openqa.selenium.remote.http.W3CHttpResponseCodec.decode(W3CHttpResponseCodec.java:122)
	at org.openqa.selenium.remote.http.W3CHttpResponseCodec.decode(W3CHttpResponseCodec.java:49)
	at org.openqa.selenium.remote.HttpCommandExecutor.execute(HttpCommandExecutor.java:158)
	at org.openqa.selenium.remote.service.DriverCommandExecutor.execute(DriverCommandExecutor.java:83)
	at org.openqa.selenium.remote.RemoteWebDriver.execute(RemoteWebDriver.java:548)
	at org.openqa.selenium.remote.RemoteWebElement.execute(RemoteWebElement.java:276)
	at org.openqa.selenium.remote.RemoteWebElement.getText(RemoteWebElement.java:160)
	at sampletest.GoogleSearch.getAllSuggestions(GoogleSearch.java:76)
	at sun.reflect.NativeMethodAccessorImpl.invoke0(Native Method)
	at sun.reflect.NativeMethodAccessorImpl.invoke(NativeMethodAccessorImpl.java:62)
	at sun.reflect.DelegatingMethodAccessorImpl.invoke(DelegatingMethodAccessorImpl.java:43)
	at java.lang.reflect.Method.invoke(Method.java:498)
	at org.testng.internal.MethodInvocationHelper.invokeMethod(MethodInvocationHelper.java:85)
	at org.testng.internal.Invoker.invokeMethod(Invoker.java:639)
	at org.testng.internal.Invoker.invokeTestMethod(Invoker.java:816)
	at org.testng.internal.Invoker.invokeTestMethods(Invoker.java:1124)
	at org.testng.internal.TestMethodWorker.invokeTestMethods(TestMethodWorker.java:125)
	at org.testng.internal.TestMethodWorker.run(TestMethodWorker.java:108)
	at org.testng.TestRunner.privateRun(TestRunner.java:774)
	at org.testng.TestRunner.run(TestRunner.java:624)
	at org.testng.SuiteRunner.runTest(SuiteRunner.java:359)
	at org.testng.SuiteRunner.runSequentially(SuiteRunner.java:354)
	at org.testng.SuiteRunner.privateRun(SuiteRunner.java:312)
	at org.testng.SuiteRunner.run(SuiteRunner.java:261)
	at org.testng.SuiteRunnerWorker.runSuite(SuiteRunnerWorker.java:52)
	at org.testng.SuiteRunnerWorker.run(SuiteRunnerWorker.java:86)
	at org.testng.TestNG.runSuitesSequentially(TestNG.java:1215)
	at org.testng.TestNG.runSuitesLocally(TestNG.java:1140)
	at org.testng.TestNG.run(TestNG.java:1048)
	at org.apache.maven.surefire.testng.TestNGExecutor.run(TestNGExecutor.java:178)
	at org.apache.maven.surefire.testng.TestNGXmlTestSuite.execute(TestNGXmlTestSuite.java:92)
	at org.apache.maven.surefire.testng.TestNGProvider.invoke(TestNGProvider.java:96)
	at sun.reflect.NativeMethodAccessorImpl.invoke0(Native Method)
	at sun.reflect.NativeMethodAccessorImpl.invoke(NativeMethodAccessorImpl.java:62)
	at sun.reflect.DelegatingMethodAccessorImpl.invoke(DelegatingMethodAccessorImpl.java:43)
	at java.lang.reflect.Method.invoke(Method.java:498)
	at org.apache.maven.surefire.util.ReflectionUtils.invokeMethodWithArray(ReflectionUtils.java:189)
	at org.apache.maven.surefire.booter.ProviderFactory$ProviderProxy.invoke(ProviderFactory.java:165)
	at org.apache.maven.surefire.booter.ProviderFactory.invokeProvider(ProviderFactory.java:85)
	at org.apache.maven.surefire.booter.ForkedBooter.runSuitesInProcess(ForkedBooter.java:115)
	at org.apache.maven.surefire.booter.ForkedBooter.main(ForkedBooter.java:75)
]]>
            </full-stacktrace>
          </exception> <!-- org.openqa.selenium.StaleElementReferenceException -->
          <reporter-output>
          </reporter-output>
        </test-method> <!-- getAllSuggestions -->
        <test-method status="PASS" signature="googleSearch()[pri:0, instance:sampletest.GoogleSearch@27c86f2d]" name="googleSearch" duration-ms="11076" started-at="2022-01-22T19:56:52Z" finished-at="2022-01-22T19:57:03Z">
          <reporter-output>
          </reporter-output>
        </test-method> <!-- googleSearch -->
        <test-method status="PASS" signature="selectRequiredSuggestion()[pri:0, instance:sampletest.GoogleSearch@27c86f2d]" name="selectRequiredSuggestion" duration-ms="11860" started-at="2022-01-22T19:57:03Z" finished-at="2022-01-22T19:57:15Z">
          <reporter-output>
          </reporter-output>
        </test-method> <!-- selectRequiredSuggestion -->
      </class> <!-- sampletest.GoogleSearch -->
      <class name="sampletest.testActitimeTaskWithFunction">
        <test-method status="PASS" signature="testcreateTaskAndVerify()[pri:0, instance:sampletest.testActitimeTaskWithFunction@6b4a4e18]" name="testcreateTaskAndVerify" duration-ms="24792" started-at="2022-01-22T19:56:17Z" finished-at="2022-01-22T19:56:42Z">
          <reporter-output>
          </reporter-output>
        </test-method> <!-- testcreateTaskAndVerify -->
        <test-method status="PASS" signature="testdeleteTaskAndVerify()[pri:0, instance:sampletest.testActitimeTaskWithFunction@6b4a4e18]" name="testdeleteTaskAndVerify" duration-ms="5302" started-at="2022-01-22T19:56:42Z" finished-at="2022-01-22T19:56:47Z">
          <reporter-output>
          </reporter-output>
        </test-method> <!-- testdeleteTaskAndVerify -->
      </class> <!-- sampletest.testActitimeTaskWithFunction -->
    </test> <!-- Test -->
  </suite> <!-- Suite -->
</testng-results>
