<?xml version="1.0" encoding="UTF-8"?>
<!-- Generated by org.testng.reporters.JUnitXMLReporter -->
<testsuite hostname="DESKTOP-LLLGMOJ" ignored="3" name="testing" tests="3" failures="0" timestamp="2022-01-12T20:32:56 IST" time="0.063" errors="0">
  <testcase name="testCaseFour" time="0.008" classname="testngPrograms.GroupExamples"/>
  <testcase name="testCaseOne" time="0.002" classname="testngPrograms.GroupExamples"/>
  <testcase name="testCaseTwo" time="0.001" classname="testngPrograms.GroupExamples"/>
  <testcase name="testCaseSix" time="0.0" classname="testngPrograms.GroupExamples">
    <ignored/>
  </testcase> <!-- testCaseSix -->
  <testcase name="testCaseFive" time="0.0" classname="testngPrograms.GroupExamples">
    <ignored/>
  </testcase> <!-- testCaseFive -->
  <testcase name="testCaseThree" time="0.0" classname="testngPrograms.GroupExamples">
    <ignored/>
  </testcase> <!-- testCaseThree -->
</testsuite> <!-- testing -->
