<?xml version="1.0" encoding="UTF-8"?>
<!-- Generated by org.testng.reporters.JUnitXMLReporter -->
<testsuite hostname="DESKTOP-LLLGMOJ" ignored="2" name="Testing Parameterization" tests="2" failures="0" timestamp="2022-01-21T19:35:43 IST" time="14.295" errors="0">
  <testcase name="testCaseOne" time="0.009" classname="testngsamples.Parameterization"/>
  <testcase name="testLoginOfVtiger" time="14.227" classname="testngsamples.Parameterization"/>
  <testcase name="testCaseThree" time="0.0" classname="testngsamples.Parameterization">
    <ignored/>
  </testcase> <!-- testCaseThree -->
  <testcase name="testCaseTwo" time="0.0" classname="testngsamples.Parameterization">
    <ignored/>
  </testcase> <!-- testCaseTwo -->
</testsuite> <!-- Testing Parameterization -->
